EXIST
 [ "x1_1"=0 | 0 | 0.00 ] **  [ "x1_2"=0 | 0 | 0.48 ] **  [ "x1_3"=1 | 1 | 0.68 ] **  [ "x1_4"=0 | 0 | -0.16 ] **  [ "x1_5"=0 | 0 | 0.00 ] ** 
 [ "x1_6"=0 | 0 | 0.00 ] **  [ "x1_7"=0 | 0 | 0.00 ] **  [ "x1_8"=0 | 0 | 0.00 ] **  [ "x1_9"=0 | 0 | 0.00 ] **  [ "x2_1"=0 | 0 | -0.16 ] ** 
 [ "x2_2"=0 | 0 | 0.00 ] **  [ "x2_3"=0 | 0 | 0.00 ] **  [ "x2_4"=1 | 1 | 1.16 ] **  [ "x2_5"=0 | 0 | 0.00 ] **  [ "x2_6"=0 | 0 | 0.00 ] ** 
 [ "x2_7"=0 | 0 | 0.00 ] **  [ "x2_8"=0 | 0 | 0.00 ] **  [ "x2_9"=0 | 0 | 0.00 ] **  [ "x3_1"=0 | 0 | -0.16 ] **  [ "x3_2"=0 | 0 | 0.00 ] ** 
 [ "x3_3"=0 | 0 | 0.28 ] **  [ "x3_4"=1 | 1 | 0.88 ] **  [ "x3_5"=0 | 0 | 0.00 ] **  [ "x3_6"=0 | 0 | 0.00 ] **  [ "x3_7"=0 | 0 | 0.00 ] ** 
 [ "x3_8"=0 | 0 | 0.00 ] **  [ "x3_9"=0 | 0 | 0.00 ] **  [ "x4_1"=0 | 0 | 0.00 ] **  [ "x4_2"=0 | 0 | -0.16 ] **  [ "x4_3"=1 | 1 | 0.72 ] ** 
 [ "x4_4"=0 | 0 | 0.28 ] **  [ "x4_5"=0 | 0 | 0.15 ] **  [ "x4_6"=0 | 0 | 0.00 ] **  [ "x4_7"=0 | 0 | 0.00 ] **  [ "x4_8"=0 | 0 | 0.00 ] ** 
 [ "x4_9"=0 | 0 | 0.00 ] **  [ "x5_1"=0 | 0 | 0.00 ] **  [ "x5_2"=0 | 0 | -0.16 ] **  [ "x5_3"=0 | 0 | 0.00 ] **  [ "x5_4"=0 | 0 | 0.00 ] ** 
 [ "x5_5"=0 | 0 | 0.00 ] **  [ "x5_6"=0 | 0 | 0.32 ] **  [ "x5_7"=1 | 1 | 0.68 ] **  [ "x5_8"=0 | 0 | 0.16 ] **  [ "x5_9"=0 | 0 | 0.00 ] ** 
 [ "x6_1"=0 | 0 | 0.00 ] **  [ "x6_2"=0 | 0 | 0.00 ] **  [ "x6_3"=0 | 0 | -0.16 ] **  [ "x6_4"=0 | 0 | 0.00 ] **  [ "x6_5"=0 | 0 | 0.00 ] ** 
 [ "x6_6"=0 | 0 | 0.00 ] **  [ "x6_7"=0 | 0 | 0.40 ] **  [ "x6_8"=1 | 1 | 0.68 ] **  [ "x6_9"=0 | 0 | 0.08 ] **  [ "x7_1"=0 | 0 | 0.00 ] ** 
 [ "x7_2"=0 | 0 | 0.00 ] **  [ "x7_3"=0 | 0 | -0.16 ] **  [ "x7_4"=0 | 0 | 0.00 ] **  [ "x7_5"=0 | 0 | 0.00 ] **  [ "x7_6"=0 | 0 | 0.00 ] ** 
 [ "x7_7"=0 | 0 | 0.00 ] **  [ "x7_8"=1 | 1 | 1.16 ] **  [ "x7_9"=0 | 0 | 0.00 ] ** 
UNIV
 [ "a1"=0 | -2- ] **  [ "a2"=1 | -2- ] **  [ "as2"=1 | -2- ] **  [ "a3"=1 | -2- ] **  [ "a4"=1 | -2- ] ** 
 [ "as4"=1 | -2- ] **  [ "a5"=0 | -2- ] **  [ "as5"=0 | -2- ] **  [ "a6"=0 | -2- ] **  [ "as6"=0 | -2- ] ** 
 [ "a7"=1 | -2- ] **  [ "as7"=1 | -2- ] **  [ "e1"=0 | -2- ] **  [ "es1"=0 | -2- ] **  [ "e2"=0 | -2- ] ** 
 [ "e3"=0 | -2- ] **  [ "e4"=0 | -2- ] **  [ "e5"=0 | -2- ] **  [ "es5"=0 | -2- ] **  [ "e6"=0 | -2- ] ** 
 [ "es6"=0 | -2- ] **  [ "e7"=0 | -2- ] **  [ "es7"=0 | -2- ] ** 
EXIST
 [ "y1_1"=0 | -3- ] **  [ "y1_2"=0 | -3- ] **  [ "y1_3"=1 | -3- ] **  [ "y1_4"=0 | -3- ] **  [ "y1_5"=0 | -3- ] ** 
 [ "y1_6"=0 | -3- ] **  [ "y1_7"=0 | -3- ] **  [ "y1_8"=0 | -3- ] **  [ "y1_9"=0 | -3- ] **  [ "y2_1"=0 | -3- ] ** 
 [ "y2_2"=0 | -3- ] **  [ "y2_3"=0 | -3- ] **  [ "y2_4"=0 | -3- ] **  [ "y2_5"=0 | -3- ] **  [ "y2_6"=1 | -3- ] ** 
 [ "y2_7"=0 | -3- ] **  [ "y2_8"=0 | -3- ] **  [ "y2_9"=0 | -3- ] **  [ "y3_1"=0 | -3- ] **  [ "y3_2"=0 | -3- ] ** 
 [ "y3_3"=0 | -3- ] **  [ "y3_4"=1 | -3- ] **  [ "y3_5"=0 | -3- ] **  [ "y3_6"=0 | -3- ] **  [ "y3_7"=0 | -3- ] ** 
 [ "y3_8"=0 | -3- ] **  [ "y3_9"=0 | -3- ] **  [ "y4_1"=0 | -3- ] **  [ "y4_2"=0 | -3- ] **  [ "y4_3"=0 | -3- ] ** 
 [ "y4_4"=0 | -3- ] **  [ "y4_5"=1 | -3- ] **  [ "y4_6"=0 | -3- ] **  [ "y4_7"=0 | -3- ] **  [ "y4_8"=0 | -3- ] ** 
 [ "y4_9"=0 | -3- ] **  [ "y5_1"=0 | -3- ] **  [ "y5_2"=0 | -3- ] **  [ "y5_3"=0 | -3- ] **  [ "y5_4"=0 | -3- ] ** 
 [ "y5_5"=0 | -3- ] **  [ "y5_6"=1 | -3- ] **  [ "y5_7"=0 | -3- ] **  [ "y5_8"=0 | -3- ] **  [ "y5_9"=0 | -3- ] ** 
 [ "y6_1"=0 | -3- ] **  [ "y6_2"=0 | -3- ] **  [ "y6_3"=0 | -3- ] **  [ "y6_4"=0 | -3- ] **  [ "y6_5"=0 | -3- ] ** 
 [ "y6_6"=0 | -3- ] **  [ "y6_7"=0 | -3- ] **  [ "y6_8"=1 | -3- ] **  [ "y6_9"=0 | -3- ] **  [ "y7_1"=0 | -3- ] ** 
 [ "y7_2"=0 | -3- ] **  [ "y7_3"=0 | -3- ] **  [ "y7_4"=0 | -3- ] **  [ "y7_5"=0 | -3- ] **  [ "y7_6"=0 | -3- ] ** 
 [ "y7_7"=0 | -3- ] **  [ "y7_8"=0 | -3- ] **  [ "y7_9"=1 | -3- ] **  [ "X1"=0 | -3- ] **  [ "X2"=0 | -3- ] ** 
 [ "X3"=0 | -3- ] **  [ "X4"=0 | -3- ] **  [ "X5"=0 | -3- ] **  [ "X6"=0 | -3- ] **  [ "X7"=0 | -3- ] ** 
 [ "Y1"=0 | -3- ] **  [ "Y2"=0 | -3- ] **  [ "Y3"=0 | -3- ] **  [ "Y4"=0 | -3- ] **  [ "Y5"=0 | -3- ] ** 
 [ "Y6"=0 | -3- ] **  [ "Y7"=0 | -3- ] **  [ "Z1"=0 | -3- ] **  [ "Z2"=2 | -3- ] **  [ "Z3"=0 | -3- ] ** 
 [ "Z4"=2 | -3- ] **  [ "Z5"=1 | -3- ] **  [ "Z6"=0 | -3- ] **  [ "Z7"=1 | -3- ] **  [ "p1"=0 | -3- ] ** 
 [ "p2"=0 | -3- ] **  [ "p3"=0 | -3- ] **  [ "p4"=0 | -3- ] **  [ "p5"=1 | -3- ] **  [ "p6"=0 | -3- ] ** 
 [ "p7"=0 | -3- ] **  [ "u1_1"=0 | -3- ] **  [ "u1_2"=0 | -3- ] **  [ "u2_1"=4 | -3- ] **  [ "u2_2"=0 | -3- ] ** 
 [ "u3_1"=0 | -3- ] **  [ "u3_2"=0 | -3- ] **  [ "u4_1"=4 | -3- ] **  [ "u4_2"=0 | -3- ] **  [ "u5_1"=0 | -3- ] ** 
 [ "u5_2"=2 | -3- ] **  [ "u6_1"=0 | -3- ] **  [ "u6_2"=0 | -3- ] **  [ "u7_1"=2 | -3- ] **  [ "u7_2"=0 | -3- ] ** 
FINAL PV VALUE IS 40.000000. Global score = 40.000000 Objective=40.000000
char pvsol[] = "00100000000010000000010000000100000000000010000000001000000001001111100001100000000000001000000000001000000100000000010000000001000000000010000000001000000000000000202101000010000400040020020"
EXIST
 [ "x1"=1 | 1 | 0.40 ] **  [ "x2"=1 | 1 | 0.68 ] ** 
UNIV
 [ "x3"=0 | -2- ] ** 
EXIST
 [ "x4"=0 | -3- ] ** 
UNIV
 [ "x5"=1 | -4- ] ** 
EXIST
 [ "AuxVar"=0 | -5- ] ** 
FINAL PV VALUE IS -1.000000. Global score = -1.000000 Objective=-1.000000
char pvsol[] = "110010"
EXIST
 [ "x1"=1 | 1 | 0.40 ] **  [ "x2"=1 | 1 | 0.68 ] ** 
UNIV
 [ "x3"=0 | -2- ] ** 
EXIST
 [ "x4"=0 | -3- ] ** 
UNIV
 [ "x5"=0 | -4- ] ** 
EXIST
 [ "AuxVar"=0 | -5- ] ** 
FINAL PV VALUE IS -1.000000. Global score = -1.000000 Objective=-1.000000
char pvsol[] = "110000"
EXIST
 [ "x1"=1 | 1 | 0.40 ] **  [ "x2"=1 | 1 | 0.68 ] ** 
UNIV
 [ "x3"=0 | -2- ] ** 
EXIST
 [ "x4"=0 | -3- ] ** 
UNIV
 [ "x5"=0 | -4- ] ** 
EXIST
 [ "AuxVar"=0 | -5- ] ** 
FINAL PV VALUE IS -1.000000. Global score = -1.000000 Objective=-1.000000
char pvsol[] = "110000"
EXIST
 [ "x1"=0 | 0 | 0.00 ] **  [ "x2"=1 | 1 | 0.40 ] ** 
UNIV
 [ "x3"=1 | -2- ] ** 
EXIST
 [ "x4"=1 | -3- ] ** 
UNIV
 [ "x5"=1 | -4- ] ** 
EXIST
 [ "AuxVar"=0 | -5- ] ** 
FINAL PV VALUE IS 1.000000. Global score = 1.000000 Objective=1.000000
char pvsol[] = "011110"
EXIST
 [ "x1"=0 | 0 | 0.00 ] **  [ "x2"=1 | 1 | 0.40 ] ** 
UNIV
 [ "x3"=1 | -2- ] ** 
EXIST
 [ "x4"=1 | -3- ] ** 
UNIV
 [ "x5"=1 | -4- ] ** 
EXIST
 [ "x6"=0 | -5- ] ** 
FINAL PV VALUE IS 1.000000. Global score = 1.000000 Objective=1.000000
char pvsol[] = "011110"
EXIST
 [ "x1"=0 | 0 | 0.00 ] **  [ "x2"=1 | 1 | 0.40 ] ** 
UNIV
 [ "x3"=1 | -2- ] ** 
EXIST
 [ "x4"=1 | -3- ] ** 
UNIV
 [ "x5"=1 | -4- ] ** 
EXIST
 [ "x6"=0 | -5- ] ** 
FINAL PV VALUE IS -2.000000. Global score = -2.000000 Objective=-2.000000
char pvsol[] = "011110"
EXIST
 [ "x1"=0 | 0 | 0.00 ] **  [ "x2"=1 | 1 | 1.00 ] ** 
UNIV
 [ "x3"=1 | -2- ] ** 
EXIST
 [ "x4"=-2 | -3- ] ** 
UNIV
 [ "x5"=-2 | -4- ] ** 
EXIST
 [ "x6"=-2 | -5- ] ** 
FINAL PV VALUE IS -2.000000. Global score = 1.000000 Objective=1.000000
char pvsol[] = "011-2-2-2"
EXIST
 [ "x1"=0 | 0 | 0.00 ] **  [ "x2"=1 | 1 | 0.40 ] ** 
UNIV
 [ "x3"=1 | -2- ] ** 
EXIST
 [ "x4"=1 | -3- ] ** 
UNIV
 [ "x5"=1 | -4- ] ** 
EXIST
 [ "x6"=0 | -5- ] ** 
FINAL PV VALUE IS -2.000000. Global score = -2.000000 Objective=-2.000000
char pvsol[] = "011110"
EXIST
 [ "x1"=0 | 0 | 0.00 ] **  [ "x2"=1 | 1 | 1.00 ] ** 
UNIV
 [ "x3"=1 | -2- ] ** 
EXIST
 [ "x4"=0 | -3- ] ** 
UNIV
 [ "x5"=1 | -4- ] ** 
EXIST
 [ "x6"=0 | -5- ] ** 
FINAL PV VALUE IS -0.000000. Global score = -0.000000 Objective=-0.000000
char pvsol[] = "011010"
EXIST
 [ "x1"=0 | 0 | 0.00 ] **  [ "x2"=1 | 1 | 0.40 ] ** 
UNIV
 [ "x3"=1 | -2- ] ** 
EXIST
 [ "x4"=1 | -3- ] ** 
UNIV
 [ "x5"=1 | -4- ] ** 
EXIST
 [ "AuxVar"=0 | -5- ] ** 
FINAL PV VALUE IS -2.000000. Global score = -2.000000 Objective=-2.000000
char pvsol[] = "011110"
EXIST
 [ "x1"=0 | 0 | 0.00 ] **  [ "x2"=1 | 1 | 1.00 ] ** 
UNIV
 [ "x3"=1 | -2- ] ** 
EXIST
 [ "x4"=0 | -3- ] ** 
UNIV
 [ "x5"=1 | -4- ] ** 
EXIST
 [ "AuxVar"=0 | -5- ] ** 
FINAL PV VALUE IS -0.000000. Global score = -0.000000 Objective=-0.000000
char pvsol[] = "011010"
EXIST
 [ "x1"=0 | 0 | 0.00 ] **  [ "x2"=1 | 1 | 0.40 ] ** 
UNIV
 [ "x3"=1 | -2- ] ** 
EXIST
 [ "x4"=1 | -3- ] ** 
UNIV
 [ "x5"=1 | -4- ] ** 
EXIST
 [ "AuxVar"=0 | -5- ] ** 
FINAL PV VALUE IS -2.000000. Global score = -2.000000 Objective=-2.000000
char pvsol[] = "011110"
EXIST
 [ "x1"=0 | 0 | 0.00 ] **  [ "x2"=1 | 1 | 1.00 ] ** 
UNIV
 [ "x3"=1 | -2- ] ** 
EXIST
 [ "x4"=0 | -3- ] ** 
UNIV
 [ "x5"=1 | -4- ] ** 
EXIST
 [ "AuxVar"=0 | -5- ] ** 
FINAL PV VALUE IS -0.000000. Global score = -0.000000 Objective=-0.000000
char pvsol[] = "011010"
EXIST
 [ "x1"=1 | 1 | 0.40 ] **  [ "x2"=1 | 1 | 0.68 ] ** 
UNIV
 [ "x3"=0 | -2- ] ** 
EXIST
 [ "x4"=0 | -3- ] ** 
FINAL PV VALUE IS -1.000000. Global score = -1.000000 Objective=-1.000000
char pvsol[] = "1100"
EXIST
 [ "x1"=1 | 1 | 0.40 ] **  [ "x2"=1 | 1 | 0.68 ] ** 
UNIV
 [ "x3"=0 | -2- ] ** 
EXIST
 [ "x4"=0 | -3- ] ** 
FINAL PV VALUE IS -1.000000. Global score = -1.000000 Objective=-1.000000
char pvsol[] = "1100"
EXIST
 [ "x1"=1 | 1 | 0.40 ] **  [ "x2"=1 | 1 | 1.00 ] ** 
UNIV
 [ "x3"=0 | -2- ] ** 
EXIST
 [ "x4"=0 | -3- ] ** 
UNIV
 [ "x5"=1 | -4- ] ** 
EXIST
 [ "AuxVar"=0 | -5- ] ** 
FINAL PV VALUE IS -1.000000. Global score = -1.000000 Objective=-1.000000
char pvsol[] = "110010"
EXIST
 [ "x1"=1 | 1 | 0.40 ] **  [ "x2"=1 | 1 | 0.68 ] ** 
UNIV
 [ "x3"=0 | -2- ] ** 
EXIST
 [ "x4"=0 | -3- ] ** 
UNIV
 [ "x5"=0 | -4- ] ** 
EXIST
 [ "AuxVar"=0 | -5- ] ** 
FINAL PV VALUE IS -1.000000. Global score = -1.000000 Objective=-1.000000
char pvsol[] = "110000"
EXIST
 [ "x1"=1 | 1 | 0.40 ] **  [ "x2"=1 | 1 | 0.68 ] ** 
UNIV
 [ "x3"=0 | -2- ] ** 
EXIST
 [ "x4"=0 | -3- ] ** 
UNIV
 [ "x5"=1 | -4- ] ** 
EXIST
 [ "AuxVar"=0 | -5- ] ** 
FINAL PV VALUE IS -1.000000. Global score = -1.000000 Objective=-1.000000
char pvsol[] = "110010"
EXIST
 [ "x1"=1 | 1 | 0.40 ] **  [ "x2"=1 | 1 | 1.00 ] ** 
UNIV
 [ "x3"=0 | -2- ] ** 
EXIST
 [ "x4"=0 | -3- ] ** 
UNIV
 [ "x5"=1 | -4- ] ** 
EXIST
 [ "AuxVar"=0 | -5- ] ** 
FINAL PV VALUE IS -1.000000. Global score = -1.000000 Objective=-1.000000
char pvsol[] = "110010"
EXIST
 [ "x1"=1 | 1 | 0.40 ] **  [ "x2"=1 | 1 | 1.00 ] ** 
UNIV
 [ "x3"=0 | -2- ] ** 
EXIST
 [ "x4"=0 | -3- ] ** 
UNIV
 [ "x5"=1 | -4- ] ** 
EXIST
 [ "AuxVar"=0 | -5- ] ** 
FINAL PV VALUE IS -1.000000. Global score = -1.000000 Objective=-1.000000
char pvsol[] = "110010"
EXIST
 [ "x1"=1 | 1 | 0.40 ] **  [ "x2"=1 | 1 | 1.00 ] ** 
UNIV
 [ "x3"=0 | -2- ] ** 
EXIST
 [ "x4"=0 | -3- ] ** 
UNIV
 [ "x5"=1 | -4- ] ** 
EXIST
 [ "AuxVar"=0 | -5- ] ** 
FINAL PV VALUE IS -1.000000. Global score = -1.000000 Objective=-1.000000
char pvsol[] = "110010"
EXIST
 [ "x1"=1 | 1 | 0.40 ] **  [ "x2"=1 | 1 | 1.00 ] ** 
UNIV
 [ "x3"=0 | -2- ] ** 
EXIST
 [ "x4"=0 | -3- ] ** 
UNIV
 [ "x5"=1 | -4- ] ** 
EXIST
 [ "AuxVar"=0 | -5- ] ** 
FINAL PV VALUE IS -1.000000. Global score = -1.000000 Objective=-1.000000
char pvsol[] = "110010"
EXIST
 [ "x1"=1 | 1 | 0.40 ] **  [ "x2"=1 | 1 | 1.00 ] ** 
UNIV
 [ "x3"=0 | -2- ] ** 
EXIST
 [ "x4"=0 | -3- ] ** 
UNIV
 [ "x5"=1 | -4- ] ** 
EXIST
 [ "AuxVar"=0 | -5- ] ** 
FINAL PV VALUE IS -1.000000. Global score = -1.000000 Objective=-1.000000
char pvsol[] = "110010"
EXIST
 [ "x1"=1 | 1 | 0.40 ] **  [ "x2"=1 | 1 | 1.00 ] ** 
UNIV
 [ "x3"=0 | -2- ] ** 
EXIST
 [ "x4"=0 | -3- ] ** 
UNIV
 [ "x5"=1 | -4- ] ** 
EXIST
 [ "x6"=0 | -5- ] ** 
FINAL PV VALUE IS -1.000000. Global score = -1.000000 Objective=-1.000000
char pvsol[] = "110010"
EXIST
 [ "x1"=1 | 1 | 0.40 ] **  [ "x2"=1 | 1 | 1.00 ] ** 
UNIV
 [ "x3"=0 | -2- ] ** 
EXIST
 [ "x4"=0 | -3- ] ** 
UNIV
 [ "x5"=1 | -4- ] ** 
EXIST
 [ "x6"=0 | -5- ] ** 
FINAL PV VALUE IS -1.000000. Global score = -1.000000 Objective=-1.000000
char pvsol[] = "110010"
EXIST
 [ "x1"=-2 | 1 | 1.00 ] **  [ "x2"=-2 | 0 | 0.00 ] ** 
UNIV
 [ "x3"=-2 | -2- ] ** 
EXIST
 [ "x4"=-2 | -3- ] ** 
UNIV
 [ "x5"=-2 | -4- ] ** 
EXIST
 [ "x6"=-2 | -5- ] ** 
FINAL PV VALUE IS -4.000000. Global score = -1537228672809129216.000000 Objective=-1537228672809129216.000000
char pvsol[] = "-2-2-2-2-2-2"
EXIST
 [ "x1"=1 | 1 | 0.40 ] **  [ "x2"=1 | 1 | 0.68 ] ** 
UNIV
 [ "x3"=0 | -2- ] ** 
EXIST
 [ "x4"=0 | -3- ] ** 
UNIV
 [ "x5"=1 | -4- ] ** 
EXIST
 [ "x6"=0 | -5- ] ** 
FINAL PV VALUE IS -1.000000. Global score = -1.000000 Objective=-1.000000
char pvsol[] = "110010"
EXIST
 [ "x1"=1 | 1 | 0.40 ] **  [ "x2"=1 | 1 | 0.68 ] ** 
UNIV
 [ "x3"=0 | -2- ] ** 
EXIST
 [ "x4"=0 | -3- ] ** 
UNIV
 [ "x5"=1 | -4- ] ** 
EXIST
 [ "x6"=0 | -5- ] ** 
FINAL PV VALUE IS -1.000000. Global score = -1.000000 Objective=-1.000000
char pvsol[] = "110010"
EXIST
 [ "x1"=1 | 1 | 0.40 ] **  [ "x2"=1 | 1 | 0.68 ] ** 
UNIV
 [ "x3"=0 | -2- ] ** 
EXIST
 [ "x4"=0 | -3- ] ** 
UNIV
 [ "x5"=1 | -4- ] ** 
EXIST
 [ "x6"=0 | -5- ] ** 
FINAL PV VALUE IS -1.000000. Global score = -1.000000 Objective=-1.000000
char pvsol[] = "110010"
EXIST
 [ "x1"=1 | 1 | 0.40 ] **  [ "x2"=1 | 1 | 0.68 ] ** 
UNIV
 [ "x3"=0 | -2- ] ** 
EXIST
 [ "x4"=0 | -3- ] ** 
UNIV
 [ "x5"=1 | -4- ] ** 
EXIST
 [ "x6"=0 | -5- ] ** 
FINAL PV VALUE IS -1.000000. Global score = -1.000000 Objective=-1.000000
char pvsol[] = "110010"
EXIST
 [ "x1"=-2 | 0 | 0.00 ] **  [ "x2"=-2 | 0 | 0.00 ] ** 
UNIV
 [ "x3"=-2 | -2- ] ** 
EXIST
 [ "x4"=-2 | -3- ] ** 
UNIV
 [ "x5"=-2 | -4- ] ** 
EXIST
 [ "x6"=-2 | -5- ] ** 
FINAL PV VALUE IS -4.000000. Global score = -1537228672809129216.000000 Objective=-1537228672809129216.000000
char pvsol[] = "-2-2-2-2-2-2"
EXIST
 [ "x1"=-2 | 0 | 0.00 ] **  [ "x2"=-2 | 0 | 0.00 ] ** 
UNIV
 [ "x3"=-2 | -2- ] ** 
EXIST
 [ "x4"=-2 | -3- ] ** 
UNIV
 [ "x5"=-2 | -4- ] ** 
EXIST
 [ "x6"=-2 | -5- ] ** 
FINAL PV VALUE IS -4.000000. Global score = -1537228672809129216.000000 Objective=-1537228672809129216.000000
char pvsol[] = "-2-2-2-2-2-2"
EXIST
 [ "x1"=1 | 1 | 0.40 ] **  [ "x2"=1 | 1 | 0.68 ] ** 
UNIV
 [ "x3"=0 | -2- ] ** 
EXIST
 [ "x4"=0 | -3- ] ** 
UNIV
 [ "x5"=1 | -4- ] ** 
EXIST
 [ "x6"=0 | -5- ] ** 
FINAL PV VALUE IS -1.000000. Global score = -1.000000 Objective=-1.000000
char pvsol[] = "110010"
